Command: /home/016797092/273/273phase/sim/./simv -l fifo_sim.log
Chronologic VCS simulator copyright 1991-2020
Contains Synopsys proprietary information.
Compiler version R-2020.12; Runtime version R-2020.12;  Feb 22 01:45 2024
----------------------------------------------------------------
UVM-1.1d.Synopsys
(C) 2007-2013 Mentor Graphics Corporation
(C) 2007-2013 Cadence Design Systems, Inc.
(C) 2006-2013 Synopsys, Inc.
(C) 2011-2013 Cypress Semiconductor Corp.
----------------------------------------------------------------

  ***********       IMPORTANT RELEASE NOTES         ************

  You are using a version of the UVM library that has been compiled
  with `UVM_NO_DEPRECATED undefined.
  See http://www.eda.org/svdb/view.php?id=3313 for more details.

  You are using a version of the UVM library that has been compiled
  with `UVM_OBJECT_MUST_HAVE_CONSTRUCTOR undefined.
  See http://www.eda.org/svdb/view.php?id=3770 for more details.

      (Specify +UVM_NO_RELNOTES to turn off this notice)

UVM_INFO @ 0: reporter [RNTST] Running test fifo_test...
UVM_INFO ./../test/fifo_test.sv(27) @ 0: uvm_test_top [fifo_test] This is Build Phase - fifo_test
UVM_INFO ./../uvc/fifo_env.sv(25) @ 0: uvm_test_top.env [FIFO_ENV] This is Build Phase - fifo wr env
UVM_INFO ./../uvc/fifo_agent.sv(32) @ 0: uvm_test_top.env.agent [FIFO_AGENT] This is Build Phase - fifo wr agent
UVM_INFO ./../uvc/fifo_driver.sv(18) @ 0: uvm_test_top.env.agent.driver [FIFO_WR_DRIVER] This is Build Phase - fifo wr driver
UVM_INFO ./../uvc/fifo_driver.sv(24) @ 0: uvm_test_top.env.agent.driver [FIFO_WR_DRIVER] This is Connect Phase - fifo wr driver
UVM_INFO ./../uvc/fifo_agent.sv(40) @ 0: uvm_test_top.env.agent [FIFO_WR_AGENT] This is Connect Phase - fifo wr agent
UVM_INFO ./../uvc/fifo_env.sv(33) @ 0: uvm_test_top.env [FIFO_WR_ENV] This is Connect Phase - fifo wr env
UVM_INFO ./../test/fifo_test.sv(36) @ 0: uvm_test_top [FIFO_WR_TEST] This is Connect Phase - fifo wr test
UVM_INFO @ 0: reporter [UVMTOP] UVM testbench topology:
----------------------------------------------------------
Name                   Type                    Size  Value
----------------------------------------------------------
uvm_test_top           fifo_test               -     @456 
  env                  fifo_env                -     @464 
    agent              fifo_agent              -     @472 
      driver           fifo_driver             -     @484 
        rsp_port       uvm_analysis_port       -     @501 
        seq_item_port  uvm_seq_item_pull_port  -     @492 
----------------------------------------------------------

UVM_INFO ./../uvc/fifo_driver.sv(29) @ 0: uvm_test_top.env.agent.driver [FIFO_WR_DRIVER] This is End of elaboration Phase - fifo wr driver
UVM_INFO ./../uvc/fifo_agent.sv(45) @ 0: uvm_test_top.env.agent [FIFO_WR_AGENT] This is End of elaboration Phase - fifo wr agent
UVM_INFO ./../uvc/fifo_env.sv(38) @ 0: uvm_test_top.env [FIFO_WR_ENV] This is End of elaboration Phase - fifo wr env
UVM_INFO ./../test/fifo_test.sv(42) @ 0: uvm_test_top [FIFO_WR_TEST] This is End of elaboration Phase - fifo wr test
UVM_INFO @ 0: reporter [UVMTOP] UVM testbench topology:
----------------------------------------------------------
Name                   Type                    Size  Value
----------------------------------------------------------
uvm_test_top           fifo_test               -     @456 
  env                  fifo_env                -     @464 
    agent              fifo_agent              -     @472 
      driver           fifo_driver             -     @484 
        rsp_port       uvm_analysis_port       -     @501 
        seq_item_port  uvm_seq_item_pull_port  -     @492 
----------------------------------------------------------

UVM_INFO ./../uvc/fifo_driver.sv(34) @ 0: uvm_test_top.env.agent.driver [fifo_driver] start of simulationuvm_test_top.env.agent.driver
UVM_INFO ./../uvc/fifo_agent.sv(50) @ 0: uvm_test_top.env.agent [fifo_agent] start of simulationuvm_test_top.env.agent
UVM_INFO ./../uvc/fifo_env.sv(43) @ 0: uvm_test_top.env [fifo_env] start of simulationuvm_test_top.env
UVM_INFO ./../uvc/fifo_driver.sv(47) @ 0: uvm_test_top.env.agent.driver [fifo_driver] Extract Phaseuvm_test_top.env.agent.driver
UVM_INFO ./../uvc/fifo_agent.sv(61) @ 0: uvm_test_top.env.agent [fifo_agent] Extract Phaseuvm_test_top.env.agent
UVM_INFO ./../uvc/fifo_env.sv(56) @ 0: uvm_test_top.env [fifo_env] Extract Phaseuvm_test_top.env
UVM_INFO ./../test/fifo_test.sv(54) @ 0: uvm_test_top [fifo_test] Extract Phaseuvm_test_top
UVM_INFO ./../uvc/fifo_driver.sv(52) @ 0: uvm_test_top.env.agent.driver [fifo_driver] start of Check Phaseuvm_test_top.env.agent.driver
UVM_INFO ./../uvc/fifo_agent.sv(66) @ 0: uvm_test_top.env.agent [fifo_agent] start of Check Phaseuvm_test_top.env.agent
UVM_INFO ./../uvc/fifo_env.sv(61) @ 0: uvm_test_top.env [fifo_env] start of Check Phaseuvm_test_top.env
UVM_INFO ./../test/fifo_test.sv(59) @ 0: uvm_test_top [fifo_test] start of Check Phaseuvm_test_top
UVM_INFO ./../uvc/fifo_driver.sv(57) @ 0: uvm_test_top.env.agent.driver [fifo_driver] start of Report Phaseuvm_test_top.env.agent.driver
UVM_INFO ./../uvc/fifo_agent.sv(71) @ 0: uvm_test_top.env.agent [fifo_agent] start of Report Phaseuvm_test_top.env.agent
UVM_INFO ./../uvc/fifo_env.sv(66) @ 0: uvm_test_top.env [fifo_env] start of Report Phaseuvm_test_top.env
UVM_INFO ./../test/fifo_test.sv(64) @ 0: uvm_test_top [fifo_test] start of Report Phaseuvm_test_top
UVM_INFO ./../test/fifo_test.sv(69) @ 0: uvm_test_top [fifo_test] start of Final Phaseuvm_test_top
UVM_INFO ./../uvc/fifo_env.sv(71) @ 0: uvm_test_top.env [fifo_env] start of Final Phaseuvm_test_top.env
UVM_INFO ./../uvc/fifo_agent.sv(76) @ 0: uvm_test_top.env.agent [fifo_agent] start of Final Phaseuvm_test_top.env.agent
UVM_INFO ./../uvc/fifo_driver.sv(62) @ 0: uvm_test_top.env.agent.driver [fifo_driver] start of Final Phaseuvm_test_top.env.agent.driver

--- UVM Report Summary ---

** Report counts by severity
UVM_INFO :   34
UVM_WARNING :    0
UVM_ERROR :    0
UVM_FATAL :    0
** Report counts by id
[FIFO_AGENT]     1
[FIFO_ENV]     1
[FIFO_WR_AGENT]     2
[FIFO_WR_DRIVER]     3
[FIFO_WR_ENV]     2
[FIFO_WR_TEST]     2
[RNTST]     1
[UVMTOP]     2
[fifo_agent]     5
[fifo_driver]     5
[fifo_env]     5
[fifo_test]     5
$finish called from file "/apps/synopsys/VCS_current/vcs/R-2020.12/etc/uvm-1.1/base/uvm_root.svh", line 437.
$finish at simulation time                    0
           V C S   S i m u l a t i o n   R e p o r t 
Time: 0 ns
CPU Time:      0.250 seconds;       Data structure size:   0.1Mb
Thu Feb 22 01:45:08 2024
